<?xml version="1.0" encoding="UTF-8"?>
<!-- Generated by org.testng.reporters.JUnitReportReporter -->
<testsuite skipped="0" hostname="BLRDRIGWN24024" name="DigitalGM" tests="1" failures="0" timestamp="2020-03-04T11:19:39 IST" time="206.321" errors="0">
  <testcase name="DigitalGM_Test" time="206.321" classname="DigitalGM"/>
</testsuite> <!-- DigitalGM -->
